<?xml version="1.0" encoding="UTF-8"?>
<!-- Generated by org.testng.reporters.JUnitReportReporter -->
<testsuite hostname="ADMINIB-5UA9TEI" name="STTA.MavenProject.WebDriverTest" tests="1" failures="0" timestamp="29 Jun 2017 10:47:28 GMT" time="11.192" errors="0">
  <testcase name="testLaunch" time="11.192" classname="STTA.MavenProject.WebDriverTest"/>
</testsuite> <!-- STTA.MavenProject.WebDriverTest -->
